Directory:--->%home%\Documents\Prog\gitreps\mdutil\jython-stubs\src
Directory:--->%home%\Documents\Prog\gitreps\mdutil\swing-util\src\main\java
Directory:--->%home%\Documents\Prog\gitreps\mdutil\md-util\src
--->Configure.py
from logging.config import dictConfig
from java.lang import System
Directory:--->%home%\Documents\Prog\gitreps\mdutil\md-util\src\main\java
Directory:--->%home%\Documents\Prog\gitreps\modify\more-decimal\src\main\java
Directory:--->%home%\Documents\Prog\gitreps\modify\more-decimal\src\main\resources
Directory:--->%home%\Documents\Prog\gitreps\mdscripts\src
--->PlannedSpending.py
from datetime import date, timedelta
from decimal import Decimal
from com.infinitekind.moneydance.model import AbstractTxn, Account, AccountBook, ParentTxn, Reminder, ReminderSet
from typing import Dict, List
from Configure import Configure
Directory:--->%home%\Documents\Prog\gitreps\mdscripts\src\main\java
Directory:--->%home%\Documents\Prog\gitreps\mdimport\import-util\src\main\java
Directory:--->%home%\Documents\Prog\gitreps\mdimport\import-util\src\main\resources
Directory:--->%home%\Documents\Prog\gitreps\mdimport\yq-import\src\main\java
Directory:--->%home%\Documents\Prog\gitreps\mdimport\yq-import\src\main\resources
Directory:--->%home%\Documents\Prog\gitreps\fwlookup\src
--->Currency.py
from collections import deque
from decimal import Decimal, ROUND_HALF_EVEN
from logging.config import dictConfig
from typing import Optional
--->FwLookupConsole.py
from collections import deque
from com.leastlogic.swing.util import HTMLPane
from java.awt import AWTEvent, Dimension
from java.awt.event import ActionEvent, WindowEvent
from java.lang import AutoCloseable, System, Throwable
from javax.swing import GroupLayout, JButton, JFrame, JPanel
from javax.swing import JScrollPane, LayoutStyle, WindowConstants
from javax.swing.border import EmptyBorder
from typing import Optional
from StagedInterface import StagedInterface
--->FwLookupWorker.py
from threading import Event
from com.moneydance.apps.md.controller import FeatureModuleContext
from java.lang import AutoCloseable, InterruptedException, Runnable, System, Thread, Throwable
from java.util.concurrent import CancellationException, ExecutionException
from javax.swing import SwingUtilities, SwingWorker
from org.python.core import imp
from typing import List
from FwLookupConsole import FwLookupConsole
from NbControl import NbControl
from NbImporter import NbImporter
from WindowInterface import WindowInterface
--->NbControl.py
from datetime import date, datetime
from httplib import HTTPConnection
from types import TracebackType
from java.io import File
from java.lang import System
from java.time import Duration
from org.openqa.selenium import By, WebDriverException, WebElement
from org.openqa.selenium.chrome import ChromeDriver, ChromeDriverService, ChromeOptions
from org.openqa.selenium.support.ui import ExpectedConditions, WebDriverWait
from typing import Iterator, List, Optional
from NbHolding import NbHolding
from WindowInterface import WindowInterface
--->NbHolding.py
from datetime import date
from decimal import Decimal, ROUND_HALF_EVEN
from typing import Dict
from Currency import Currency
--->NbImporter.py
from datetime import date
from decimal import Decimal, ROUND_HALF_EVEN
from com.infinitekind.moneydance.model import Account, AccountBook, CurrencySnapshot
from com.infinitekind.moneydance.model import CurrencyTable, CurrencyType
from com.leastlogic.moneydance.util import SnapshotList, MdUtil
from com.leastlogic.swing.util import HTMLPane
from typing import Dict, Iterable, Set
from Currency import Currency
from NbHolding import NbHolding
from SecurityHandler import SecurityHandler
from StagedInterface import StagedInterface
from WindowInterface import WindowInterface
--->NetBenefits.py
from site import getusersitepackages
from com.moneydance.apps.md.controller import FeatureModule, FeatureModuleContext
from java.lang import AutoCloseable, System, Throwable
from typing import Optional
from Configure import Configure
from FwLookupConsole import FwLookupConsole
from FwLookupWorker import FwLookupWorker
--->SecurityHandler.py
from decimal import Decimal
from com.infinitekind.moneydance.model import CurrencySnapshot, CurrencyType
from typing import Optional
--->StagedInterface.py
from abc import ABCMeta, abstractmethod
--->WindowInterface.py
from abc import ABCMeta, abstractmethod
Directory:--->%home%\Documents\Prog\gitreps\fwlookup\src\main\java
Directory:--->%home%\Documents\Prog\gitreps\fwlookup\src\main\resources
Directory:--->%home%\Documents\Prog\gitreps\mdimport\fw-import\src\main\java
Directory:--->%home%\Documents\Prog\gitreps\mdimport\fw-import\src\main\resources
Directory:--->%home%\Documents\Prog\gitreps\mdutil\MdProjects\src\main\java
Directory:--->%home%\Documents\git\bootstrap-connector\src\main\java
Directory:--->%home%\Documents\git\bootstrap-connector\target\generated-sources\annotations
Directory:--->%home%\Documents\Prog\gitreps\nwsync\nw-sync\src\main\java
Directory:--->%home%\Documents\Prog\gitreps\nwsync\nw-sync\src\main\resources
Generating:Configure.Configure
Class not found:Configure.Configure
Generating:Currency.Currency
Class not found:Currency.Currency
Generating:FwLookupConsole.FwLookupConsole
Class not found:FwLookupConsole.FwLookupConsole
Generating:FwLookupWorker.FwLookupWorker
Class not found:FwLookupWorker.FwLookupWorker
Generating:NbControl.NbControl
Class not found:NbControl.NbControl
Generating:NbHolding.NbHolding
Class not found:NbHolding.NbHolding
Generating:NbImporter.NbImporter
Class not found:NbImporter.NbImporter
Generating:SecurityHandler.SecurityHandler
Class not found:SecurityHandler.SecurityHandler
Generating:StagedInterface.StagedInterface
Class not found:StagedInterface.StagedInterface
Generating:WindowInterface.WindowInterface
Class not found:WindowInterface.WindowInterface
Generating:abc.ABCMeta
Class not found:abc.ABCMeta
Generating:abc.abstractmethod
Class not found:abc.abstractmethod
Generating:collections.deque
Class not found:collections.deque
Generating:com.infinitekind.moneydance.model.AbstractTxn
class com.infinitekind.moneydance.model.AbstractTxn
create package directory:com.infinitekind.moneydance.model
Generating:com.infinitekind.moneydance.model.Account
class com.infinitekind.moneydance.model.Account
create package directory:com.infinitekind.moneydance.model
Generating:com.infinitekind.moneydance.model.AccountBook
class com.infinitekind.moneydance.model.AccountBook
create package directory:com.infinitekind.moneydance.model
Generating:com.infinitekind.moneydance.model.CurrencySnapshot
class com.infinitekind.moneydance.model.CurrencySnapshot
create package directory:com.infinitekind.moneydance.model
Generating:com.infinitekind.moneydance.model.CurrencyTable
class com.infinitekind.moneydance.model.CurrencyTable
create package directory:com.infinitekind.moneydance.model
Generating:com.infinitekind.moneydance.model.CurrencyType
class com.infinitekind.moneydance.model.CurrencyType
create package directory:com.infinitekind.moneydance.model
Generating:com.infinitekind.moneydance.model.ParentTxn
class com.infinitekind.moneydance.model.ParentTxn
create package directory:com.infinitekind.moneydance.model
Generating:com.infinitekind.moneydance.model.Reminder
class com.infinitekind.moneydance.model.Reminder
create package directory:com.infinitekind.moneydance.model
Generating:com.infinitekind.moneydance.model.ReminderSet
class com.infinitekind.moneydance.model.ReminderSet
create package directory:com.infinitekind.moneydance.model
Generating:com.leastlogic.moneydance.util.MdUtil
class com.leastlogic.moneydance.util.MdUtil
create package directory:com.leastlogic.moneydance.util
Generating:com.leastlogic.moneydance.util.SnapshotList
class com.leastlogic.moneydance.util.SnapshotList
create package directory:com.leastlogic.moneydance.util
Generating:com.leastlogic.swing.util.HTMLPane
class com.leastlogic.swing.util.HTMLPane
create package directory:com.leastlogic.swing.util
Generating:com.moneydance.apps.md.controller.FeatureModule
class com.moneydance.apps.md.controller.FeatureModule
create package directory:com.moneydance.apps.md.controller
Generating:com.moneydance.apps.md.controller.FeatureModuleContext
interface com.moneydance.apps.md.controller.FeatureModuleContext
create package directory:com.moneydance.apps.md.controller
Generating:datetime.date
Class not found:datetime.date
Generating:datetime.datetime
Class not found:datetime.datetime
Generating:datetime.timedelta
Class not found:datetime.timedelta
Generating:decimal.Decimal
Class not found:decimal.Decimal
Generating:decimal.ROUND_HALF_EVEN
Class not found:decimal.ROUND_HALF_EVEN
Generating:er.obtainPrices(self.nbCtrl.getHoldings())
Class not found:er.obtainPrices(self.nbCtrl.getHoldings())
Generating:httplib.HTTPConnection
Class not found:httplib.HTTPConnection
Generating:java.awt.AWTEvent
class java.awt.AWTEvent
create package directory:java.awt
Generating:java.awt.Dimension
class java.awt.Dimension
create package directory:java.awt
Generating:java.awt.event.ActionEvent
class java.awt.event.ActionEvent
create package directory:java.awt.event
Generating:java.awt.event.WindowEvent
class java.awt.event.WindowEvent
create package directory:java.awt.event
Generating:java.io.File
class java.io.File
create package directory:java.io
Generating:java.lang.AutoCloseable
interface java.lang.AutoCloseable
create package directory:java.lang
Generating:java.lang.InterruptedException
class java.lang.InterruptedException
create package directory:java.lang
Generating:java.lang.Runnable
interface java.lang.Runnable
create package directory:java.lang
Generating:java.lang.System
class java.lang.System
create package directory:java.lang
Generating:java.lang.Thread
class java.lang.Thread
create package directory:java.lang
Generating:java.lang.Throwable
class java.lang.Throwable
create package directory:java.lang
Generating:java.time.Duration
class java.time.Duration
create package directory:java.time
Generating:java.util.concurrent.CancellationException
class java.util.concurrent.CancellationException
create package directory:java.util.concurrent
Generating:java.util.concurrent.ExecutionException
class java.util.concurrent.ExecutionException
create package directory:java.util.concurrent
Generating:javax.swing.GroupLayout
class javax.swing.GroupLayout
create package directory:javax.swing
Generating:javax.swing.JButton
class javax.swing.JButton
create package directory:javax.swing
Generating:javax.swing.JFrame
class javax.swing.JFrame
create package directory:javax.swing
Generating:javax.swing.JPanel
class javax.swing.JPanel
create package directory:javax.swing
Generating:javax.swing.JScrollPane
class javax.swing.JScrollPane
create package directory:javax.swing
Generating:javax.swing.LayoutStyle
class javax.swing.LayoutStyle
create package directory:javax.swing
Generating:javax.swing.SwingUtilities
class javax.swing.SwingUtilities
create package directory:javax.swing
Generating:javax.swing.SwingWorker
class javax.swing.SwingWorker
create package directory:javax.swing
Generating:javax.swing.WindowConstants
interface javax.swing.WindowConstants
create package directory:javax.swing
Generating:javax.swing.border.EmptyBorder
class javax.swing.border.EmptyBorder
create package directory:javax.swing.border
Generating:logging
Class not found:logging
Generating:logging.config.dictConfig
Class not found:logging.config.dictConfig
Generating:org.openqa.selenium.By
class org.openqa.selenium.By
create package directory:org.openqa.selenium
Found recursively nested class definition: class org.openqa.selenium.By$ByClassName
Found recursively nested class definition: class org.openqa.selenium.By$ByCssSelector
Found recursively nested class definition: class org.openqa.selenium.By$ById
Found recursively nested class definition: class org.openqa.selenium.By$ByLinkText
Found recursively nested class definition: class org.openqa.selenium.By$ByName
Found recursively nested class definition: class org.openqa.selenium.By$ByPartialLinkText
Found recursively nested class definition: class org.openqa.selenium.By$ByTagName
Found recursively nested class definition: class org.openqa.selenium.By$ByXPath
Generating:org.openqa.selenium.WebDriverException
class org.openqa.selenium.WebDriverException
create package directory:org.openqa.selenium
Generating:org.openqa.selenium.WebElement
interface org.openqa.selenium.WebElement
create package directory:org.openqa.selenium
Generating:org.openqa.selenium.chrome.ChromeDriver
class org.openqa.selenium.chrome.ChromeDriver
create package directory:org.openqa.selenium.chrome
Generating:org.openqa.selenium.chrome.ChromeDriverService
class org.openqa.selenium.chrome.ChromeDriverService
create package directory:org.openqa.selenium.chrome
Ignoring duplicate nested class public abstract static class org.openqa.selenium.remote.service.DriverService$Builder<DS extends org.openqa.selenium.remote.service.DriverService,B extends org.openqa.selenium.remote.service.DriverService$Builder<?, ?>>
Generating:org.openqa.selenium.chrome.ChromeOptions
class org.openqa.selenium.chrome.ChromeOptions
create package directory:org.openqa.selenium.chrome
Generating:org.openqa.selenium.support.ui.ExpectedConditions
class org.openqa.selenium.support.ui.ExpectedConditions
create package directory:org.openqa.selenium.support.ui
Generating:org.openqa.selenium.support.ui.WebDriverWait
class org.openqa.selenium.support.ui.WebDriverWait
create package directory:org.openqa.selenium.support.ui
Generating:org.python.core.imp
class org.python.core.imp
create package directory:org.python.core
Generating:site.getusersitepackages
Class not found:site.getusersitepackages
Generating:threading.Event
Class not found:threading.Event
Generating:types.TracebackType
Class not found:types.TracebackType
Generating:typing.Dict
Class not found:typing.Dict
Generating:typing.Iterable
Class not found:typing.Iterable
Generating:typing.Iterator
Class not found:typing.Iterator
Generating:typing.List
Class not found:typing.List
Generating:typing.Optional
Class not found:typing.Optional
Generating:typing.Set
Class not found:typing.Set
